  BinaryHeap.cpp
C:\Users\Majlo\Gitbin\ZUT_Algorithms2\BinaryHeap\BinaryHeap.cpp(267,26): warning C4244: "inicjowanie": konwersja z "double" do "int", możliwa utrata danych
C:\Users\Majlo\Gitbin\ZUT_Algorithms2\BinaryHeap\BinaryHeap.cpp(267,21): warning C4244: "inicjowanie": konwersja z "double" do "const int", możliwa utrata danych
C:\Users\Majlo\Gitbin\ZUT_Algorithms2\BinaryHeap\BinaryHeap.cpp(157,15): warning C4101: "temp": lokalna zmienna, do której nie istnieje odwołanie
C:\Users\Majlo\Gitbin\ZUT_Algorithms2\BinaryHeap\BinaryHeap.cpp(155): message : podczas kompilowania funkcji składowej „void BinaryHeap<Person *>::heapUp(int,int (__cdecl *)(T,T))” klasy klasa szablon
          with
          [
              T=Person *
          ]
C:\Users\Majlo\Gitbin\ZUT_Algorithms2\BinaryHeap\BinaryHeap.cpp(137): message : zobacz odwołanie do kompilowanego tworzenia wystąpienia „void BinaryHeap<Person *>::heapUp(int,int (__cdecl *)(T,T))” funkcji szablon
          with
          [
              T=Person *
          ]
C:\Users\Majlo\Gitbin\ZUT_Algorithms2\BinaryHeap\BinaryHeap.cpp(263): message : zobacz odwołanie do kompilowanego tworzenia wystąpienia „BinaryHeap<Person *>” klasy klasa szablon
C:\Users\Majlo\Gitbin\ZUT_Algorithms2\BinaryHeap\BinaryHeap.cpp(83,21): warning C4244: "return": konwersja z "double" do "int", możliwa utrata danych
C:\Users\Majlo\Gitbin\ZUT_Algorithms2\BinaryHeap\BinaryHeap.cpp(82): message : podczas kompilowania funkcji składowej „int BinaryHeap<Person *>::getParent(int)” klasy klasa szablon
C:\Users\Majlo\Gitbin\ZUT_Algorithms2\BinaryHeap\BinaryHeap.cpp(158): message : zobacz odwołanie do kompilowanego tworzenia wystąpienia „int BinaryHeap<Person *>::getParent(int)” funkcji szablon
  Trwa generowanie kodu
  Previous IPDB was built with incompatible compiler, fall back to full compilation.
  All 179 functions were compiled because no usable IPDB/IOBJ from previous compilation was found.
  Zakończono generowanie kodu
  BinaryHeap.vcxproj -> C:\Users\Majlo\Gitbin\ZUT_Algorithms2\x64\Release\BinaryHeap.exe
