  main.cpp
C:\Users\sm51115\source\repos\ZUT_Algorithms2\DynamicArray\main.cpp(247,22): warning C4244: "inicjowanie": konwersja z "double" do "int", możliwa utrata danych
C:\Users\sm51115\source\repos\ZUT_Algorithms2\DynamicArray\main.cpp(247,17): warning C4244: "inicjowanie": konwersja z "double" do "const int", możliwa utrata danych
C:\Users\sm51115\source\repos\ZUT_Algorithms2\DynamicArray\main.cpp(225,1): warning C4267: "=": konwersja z "size_t" do "int", możliwa utrata danych
C:\Users\sm51115\source\repos\ZUT_Algorithms2\DynamicArray\main.cpp(220): message : podczas kompilowania funkcji składowej „std::string dynamic_array<Person *>::to_string(std::string (__cdecl *)(T),int)” klasy klasa szablon
          with
          [
              T=Person *
          ]
C:\Users\sm51115\source\repos\ZUT_Algorithms2\DynamicArray\main.cpp(270): message : zobacz odwołanie do kompilowanego tworzenia wystąpienia „std::string dynamic_array<Person *>::to_string(std::string (__cdecl *)(T),int)” funkcji szablon
          with
          [
              T=Person *
          ]
C:\Users\sm51115\source\repos\ZUT_Algorithms2\DynamicArray\main.cpp(245): message : zobacz odwołanie do kompilowanego tworzenia wystąpienia „dynamic_array<Person *>” klasy klasa szablon
  Trwa generowanie kodu
  2 of 170 functions ( 1.2%) were compiled, the rest were copied from previous compilation.
    0 functions were new in current compilation
    0 functions had inline decision re-evaluated but remain unchanged
  Zakończono generowanie kodu
  DynamicArray.vcxproj -> C:\Users\sm51115\source\repos\ZUT_Algorithms2\x64\Release\DynamicArray.exe
