  CountingSorts.cpp
C:\Users\Majlo\Gitbin\ZUT_Algorithms2\CountingSorts\BinaryHeap.h(54,13): warning C4244: "return": konwersja z "double" do "int", możliwa utrata danych
C:\Users\Majlo\Gitbin\ZUT_Algorithms2\CountingSorts\BinaryHeap.h(57,13): warning C4244: "return": konwersja z "double" do "int", możliwa utrata danych
C:\Users\Majlo\Gitbin\ZUT_Algorithms2\CountingSorts\CountingSorts.cpp(50,27): warning C4244: "=": konwersja z "double" do "int", możliwa utrata danych
C:\Users\Majlo\Gitbin\ZUT_Algorithms2\CountingSorts\BinaryHeap.h(194,15): warning C4101: "temp": lokalna zmienna, do której nie istnieje odwołanie
C:\Users\Majlo\Gitbin\ZUT_Algorithms2\CountingSorts\BinaryHeap.h(192): message : podczas kompilowania funkcji składowej „void BinaryHeap<Person *>::heapUp(int,int (__cdecl *)(T,T))” klasy klasa szablon
          with
          [
              T=Person *
          ]
C:\Users\Majlo\Gitbin\ZUT_Algorithms2\CountingSorts\BinaryHeap.h(104): message : zobacz odwołanie do kompilowanego tworzenia wystąpienia „void BinaryHeap<Person *>::heapUp(int,int (__cdecl *)(T,T))” funkcji szablon
          with
          [
              T=Person *
          ]
C:\Users\Majlo\Gitbin\ZUT_Algorithms2\CountingSorts\CountingSorts.cpp(243): message : zobacz odwołanie do kompilowanego tworzenia wystąpienia „BinaryHeap<Person *>” klasy klasa szablon
C:\Users\Majlo\Gitbin\ZUT_Algorithms2\CountingSorts\BinaryHeap.h(87,21): warning C4244: "return": konwersja z "double" do "int", możliwa utrata danych
C:\Users\Majlo\Gitbin\ZUT_Algorithms2\CountingSorts\BinaryHeap.h(86): message : podczas kompilowania funkcji składowej „int BinaryHeap<Person *>::getParent(int)” klasy klasa szablon
C:\Users\Majlo\Gitbin\ZUT_Algorithms2\CountingSorts\BinaryHeap.h(195): message : zobacz odwołanie do kompilowanego tworzenia wystąpienia „int BinaryHeap<Person *>::getParent(int)” funkcji szablon
C:\Users\Majlo\Gitbin\ZUT_Algorithms2\CountingSorts\CountingSorts.cpp(96,13): warning C4244: "inicjowanie": konwersja z "double" do "int", możliwa utrata danych
C:\Users\Majlo\Gitbin\ZUT_Algorithms2\CountingSorts\CountingSorts.cpp(254): message : zobacz odwołanie do kompilowanego tworzenia wystąpienia „void bucketSort<Person*>(T *,int,double,int (__cdecl *)(T),int (__cdecl *)(T,T))” funkcji szablon
          with
          [
              T=Person *
          ]
  Trwa generowanie kodu
  2 of 261 functions ( 0.8%) were compiled, the rest were copied from previous compilation.
    0 functions were new in current compilation
    0 functions had inline decision re-evaluated but remain unchanged
  Zakończono generowanie kodu
  CountingSorts.vcxproj -> C:\Users\Majlo\Gitbin\ZUT_Algorithms2\x64\Release\CountingSorts.exe
